<?xml version="1.0" encoding="UTF-8"?>
<!-- Generated by org.testng.reporters.JUnitReportReporter -->
<testsuite skipped="0" hostname="DESKTOP-ET8BJ37" name="org.india.TestNG1.A" tests="4" failures="0" timestamp="20 Aug 2019 18:25:44 GMT" time="0.023" errors="0">
  <testcase name="tc2" time="0.001" classname="org.india.TestNG1.A"/>
  <testcase name="tc1" time="0.018" classname="org.india.TestNG1.A"/>
  <testcase name="tc3" time="0.001" classname="org.india.TestNG1.A"/>
  <testcase name="tc4" time="0.003" classname="org.india.TestNG1.A"/>
</testsuite> <!-- org.india.TestNG1.A -->
