<?xml version="1.0" encoding="UTF-8"?>
<!-- Generated by org.testng.reporters.JUnitReportReporter -->
<testsuite skipped="0" hostname="DESKTOP-ET8BJ37" name="org.india.TestNG1.AA" tests="3" failures="0" timestamp="20 Aug 2019 18:25:44 GMT" time="0.037" errors="0">
  <testcase name="tc5" time="0.019" classname="org.india.TestNG1.AA"/>
  <testcase name="tc6" time="0.008" classname="org.india.TestNG1.AA"/>
  <testcase name="tc7" time="0.010" classname="org.india.TestNG1.AA"/>
</testsuite> <!-- org.india.TestNG1.AA -->
